<?xml version="1.0" encoding="UTF-8"?>
<!-- Generated by org.testng.reporters.JUnitReportReporter -->
<testsuite skipped="0" hostname="EGCA1-0091" name="test_cases.TC02_CheckSignUp" tests="1" failures="0" timestamp="2022-10-05T13:47:55 EET" time="52.522" errors="0">
  <testcase name="signUpNewUser" time="52.522" classname="test_cases.TC02_CheckSignUp"/>
  <system-out/>
</testsuite> <!-- test_cases.TC02_CheckSignUp -->
